#
# There is insufficient memory for the Java Runtime Environment to continue.
# Native memory allocation (malloc) failed to allocate 1251216 bytes for Chunk::new
# Possible reasons:
#   The system is out of physical RAM or swap space
#   The process is running with CompressedOops enabled, and the Java Heap may be blocking the growth of the native heap
# Possible solutions:
#   Reduce memory load on the system
#   Increase physical memory or swap space
#   Check if swap backing store is full
#   Decrease Java heap size (-Xmx/-Xms)
#   Decrease number of Java threads
#   Decrease Java thread stack sizes (-Xss)
#   Set larger code cache with -XX:ReservedCodeCacheSize=
#   JVM is running with Unscaled Compressed Oops mode in which the Java heap is
#     placed in the first 4GB address space. The Java Heap base address is the
#     maximum limit for the native heap growth. Please use -XX:HeapBaseMinAddress
#     to set the Java Heap base and to place the Java Heap above 4GB virtual address.
# This output file may be truncated or incomplete.
#
#  Out of Memory Error (./open/src/hotspot/share/memory/arena.cpp:197), pid=6876, tid=16432
#
# JRE version: Java(TM) SE Runtime Environment 18.9 (11.0.17+10) (build 11.0.17+10-LTS-269)
# Java VM: Java HotSpot(TM) 64-Bit Server VM 18.9 (11.0.17+10-LTS-269, mixed mode, tiered, compressed oops, g1 gc, windows-amd64)
# No core dump will be written. Minidumps are not enabled by default on client versions of Windows
#

---------------  S U M M A R Y ------------

Command Line: -XX:MaxMetaspaceSize=512m --add-opens=java.base/java.util=ALL-UNNAMED --add-opens=java.base/java.lang=ALL-UNNAMED --add-opens=java.base/java.lang.invoke=ALL-UNNAMED --add-opens=java.base/java.util=ALL-UNNAMED --add-opens=java.prefs/java.util.prefs=ALL-UNNAMED --add-opens=java.prefs/java.util.prefs=ALL-UNNAMED --add-opens=java.base/java.nio.charset=ALL-UNNAMED --add-opens=java.base/java.net=ALL-UNNAMED --add-opens=java.base/java.util.concurrent.atomic=ALL-UNNAMED -Xmx2048m -Dfile.encoding=windows-1252 -Duser.country=US -Duser.language=en -Duser.variant org.gradle.launcher.daemon.bootstrap.GradleDaemon 7.5.1

Host: Intel(R) Core(TM) i7-7700HQ CPU @ 2.80GHz, 8 cores, 15G,  Windows 10 , 64 bit Build 19041 (10.0.19041.2364)
Time: Tue Jan 24 22:34:59 2023 Central Standard Time elapsed time: 30.848941 seconds (0d 0h 0m 30s)

---------------  T H R E A D  ---------------

Current thread (0x0000020d28111800):  JavaThread "C2 CompilerThread1" daemon [_thread_in_native, id=16432, stack(0x0000003702700000,0x0000003702800000)]


Current CompileTask:
C2:  30849 6814 %     4       org.gradle.internal.instantiation.generator.AbstractClassGenerator::inspectType @ 107 (560 bytes)

Stack: [0x0000003702700000,0x0000003702800000]
Native frames: (J=compiled Java code, j=interpreted, Vv=VM code, C=native code)
V  [jvm.dll+0x62b5da]
V  [jvm.dll+0x7653df]
V  [jvm.dll+0x766a89]
V  [jvm.dll+0x767113]
V  [jvm.dll+0x23dd28]
V  [jvm.dll+0xb2a1c]
V  [jvm.dll+0xb2fdc]
V  [jvm.dll+0x341552]
V  [jvm.dll+0x18cc59]
V  [jvm.dll+0x1f8815]
V  [jvm.dll+0x1f78fd]
V  [jvm.dll+0x177c91]
V  [jvm.dll+0x207296]
V  [jvm.dll+0x20542b]
V  [jvm.dll+0x72b2c0]
V  [jvm.dll+0x723e64]
V  [jvm.dll+0x62a485]
C  [ucrtbase.dll+0x21bb2]
C  [KERNEL32.DLL+0x17614]
C  [ntdll.dll+0x526a1]


---------------  P R O C E S S  ---------------

Threads class SMR info:
_java_thread_list=0x0000020d289a2b00, length=88, elements={
0x0000020d04b83800, 0x0000020d24b8d800, 0x0000020d24b92800, 0x0000020d253d5800,
0x0000020d253d6800, 0x0000020d253d8000, 0x0000020d25427000, 0x0000020d25428800,
0x0000020d2542e000, 0x0000020d25590000, 0x0000020d26c7d000, 0x0000020d2780a000,
0x0000020d279ff800, 0x0000020d2750c800, 0x0000020d27614800, 0x0000020d272b6800,
0x0000020d2737e800, 0x0000020d2631a800, 0x0000020d2631b000, 0x0000020d25aa6000,
0x0000020d25aa4800, 0x0000020d25aa5000, 0x0000020d25aa6800, 0x0000020d25aa8800,
0x0000020d25aa7800, 0x0000020d25aa2800, 0x0000020d25aa9000, 0x0000020d25aa3800,
0x0000020d29250000, 0x0000020d2924e800, 0x0000020d29253000, 0x0000020d2924f000,
0x0000020d29255800, 0x0000020d29255000, 0x0000020d29256800, 0x0000020d29251000,
0x0000020d29257800, 0x0000020d29251800, 0x0000020d29258000, 0x0000020d29252800,
0x0000020d29259000, 0x0000020d2925a000, 0x0000020d2925a800, 0x0000020d2925c000,
0x0000020d2925b800, 0x0000020d2900a000, 0x0000020d29005000, 0x0000020d29009000,
0x0000020d29004800, 0x0000020d2900b000, 0x0000020d2900b800, 0x0000020d29006000,
0x0000020d2900c800, 0x0000020d29006800, 0x0000020d2900d000, 0x0000020d29007800,
0x0000020d2900e000, 0x0000020d29008800, 0x0000020d2900f000, 0x0000020d29012000,
0x0000020d29013000, 0x0000020d2900f800, 0x0000020d29010800, 0x0000020d29011800,
0x0000020d25a52800, 0x0000020d25a53800, 0x0000020d25a54000, 0x0000020d25a51800,
0x0000020d25a55000, 0x0000020d25a55800, 0x0000020d25a50000, 0x0000020d25a56800,
0x0000020d25a51000, 0x0000020d25a5c800, 0x0000020d25a59000, 0x0000020d25a57800,
0x0000020d25a5b800, 0x0000020d28111800, 0x0000020d25a5e000, 0x0000020d25a58000,
0x0000020d25a5e800, 0x0000020d25a5a000, 0x0000020d25a5a800, 0x0000020d2b25f800,
0x0000020d2b260800, 0x0000020d2b262000, 0x0000020d2b261000, 0x0000020d2b262800
}

Java Threads: ( => current thread )
  0x0000020d04b83800 JavaThread "main" [_thread_blocked, id=13656, stack(0x000000377cb00000,0x000000377cc00000)]
  0x0000020d24b8d800 JavaThread "Reference Handler" daemon [_thread_blocked, id=5080, stack(0x000000377d200000,0x000000377d300000)]
  0x0000020d24b92800 JavaThread "Finalizer" daemon [_thread_blocked, id=18000, stack(0x000000377d300000,0x000000377d400000)]
  0x0000020d253d5800 JavaThread "Signal Dispatcher" daemon [_thread_blocked, id=19200, stack(0x000000377d400000,0x000000377d500000)]
  0x0000020d253d6800 JavaThread "Attach Listener" daemon [_thread_blocked, id=19072, stack(0x000000377d500000,0x000000377d600000)]
  0x0000020d253d8000 JavaThread "Service Thread" daemon [_thread_blocked, id=14480, stack(0x000000377d600000,0x000000377d700000)]
  0x0000020d25427000 JavaThread "C2 CompilerThread0" daemon [_thread_blocked, id=17920, stack(0x000000377d700000,0x000000377d800000)]
  0x0000020d25428800 JavaThread "C1 CompilerThread0" daemon [_thread_blocked, id=1380, stack(0x000000377d800000,0x000000377d900000)]
  0x0000020d2542e000 JavaThread "Sweeper thread" daemon [_thread_blocked, id=13252, stack(0x000000377d900000,0x000000377da00000)]
  0x0000020d25590000 JavaThread "Common-Cleaner" daemon [_thread_blocked, id=4740, stack(0x000000377da00000,0x000000377db00000)]
  0x0000020d26c7d000 JavaThread "Daemon health stats" [_thread_blocked, id=20032, stack(0x000000377e300000,0x000000377e400000)]
  0x0000020d2780a000 JavaThread "Incoming local TCP Connector on port 58310" [_thread_in_native, id=9080, stack(0x000000377dc00000,0x000000377dd00000)]
  0x0000020d279ff800 JavaThread "Daemon periodic checks" [_thread_blocked, id=10136, stack(0x000000377dd00000,0x000000377de00000)]
  0x0000020d2750c800 JavaThread "Daemon" [_thread_blocked, id=20088, stack(0x000000377e400000,0x000000377e500000)]
  0x0000020d27614800 JavaThread "Handler for socket connection from /127.0.0.1:58310 to /127.0.0.1:58311" [_thread_in_native, id=18172, stack(0x000000377e500000,0x000000377e600000)]
  0x0000020d272b6800 JavaThread "Cancel handler" [_thread_blocked, id=17292, stack(0x000000377e600000,0x000000377e700000)]
  0x0000020d2737e800 JavaThread "Daemon worker" [_thread_blocked, id=2912, stack(0x000000377e700000,0x000000377e800000)]
  0x0000020d2631a800 JavaThread "Asynchronous log dispatcher for DefaultDaemonConnection: socket connection from /127.0.0.1:58310 to /127.0.0.1:58311" [_thread_blocked, id=3372, stack(0x000000377e800000,0x000000377e900000)]
  0x0000020d2631b000 JavaThread "Stdin handler" [_thread_blocked, id=15152, stack(0x000000377e900000,0x000000377ea00000)]
  0x0000020d25aa6000 JavaThread "Daemon client event forwarder" [_thread_blocked, id=17324, stack(0x000000377ea00000,0x000000377eb00000)]
  0x0000020d25aa4800 JavaThread "Cache worker for journal cache (C:\Users\Rashad\.gradle\caches\journal-1)" [_thread_blocked, id=20276, stack(0x000000377eb00000,0x000000377ec00000)]
  0x0000020d25aa5000 JavaThread "File lock request listener" [_thread_in_native, id=20372, stack(0x000000377ec00000,0x000000377ed00000)]
  0x0000020d25aa6800 JavaThread "Cache worker for file hash cache (C:\Users\Rashad\.gradle\caches\7.5.1\fileHashes)" [_thread_blocked, id=19692, stack(0x000000377ed00000,0x000000377ee00000)]
  0x0000020d25aa8800 JavaThread "File watcher server" daemon [_thread_in_native, id=5448, stack(0x000000377f200000,0x000000377f300000)]
  0x0000020d25aa7800 JavaThread "File watcher consumer" daemon [_thread_blocked, id=11628, stack(0x000000377f300000,0x000000377f400000)]
  0x0000020d25aa2800 JavaThread "Cache worker for checksums cache (C:\Users\Rashad\Desktop\temp\AwesomeProject\android\.gradle\7.5.1\checksums)" [_thread_blocked, id=19176, stack(0x000000377f400000,0x000000377f500000)]
  0x0000020d25aa9000 JavaThread "Cache worker for cache directory md-rule (C:\Users\Rashad\.gradle\caches\7.5.1\md-rule)" [_thread_blocked, id=976, stack(0x000000377f500000,0x000000377f600000)]
  0x0000020d25aa3800 JavaThread "Cache worker for file content cache (C:\Users\Rashad\.gradle\caches\7.5.1\fileContent)" [_thread_blocked, id=15380, stack(0x000000377f600000,0x000000377f700000)]
  0x0000020d29250000 JavaThread "Cache worker for file hash cache (C:\Users\Rashad\Desktop\temp\AwesomeProject\android\.gradle\7.5.1\fileHashes)" [_thread_blocked, id=15480, stack(0x000000377f800000,0x000000377f900000)]
  0x0000020d2924e800 JavaThread "Cache worker for cache directory md-supplier (C:\Users\Rashad\.gradle\caches\7.5.1\md-supplier)" [_thread_blocked, id=18108, stack(0x000000377f900000,0x000000377fa00000)]
  0x0000020d29253000 JavaThread "Cache worker for execution history cache (C:\Users\Rashad\.gradle\caches\7.5.1\executionHistory)" [_thread_blocked, id=18152, stack(0x000000377f700000,0x000000377f800000)]
  0x0000020d2924f000 JavaThread "jar transforms" [_thread_blocked, id=15912, stack(0x000000377fb00000,0x000000377fc00000)]
  0x0000020d29255800 JavaThread "jar transforms Thread 2" [_thread_blocked, id=10652, stack(0x000000377fc00000,0x000000377fd00000)]
  0x0000020d29255000 JavaThread "jar transforms Thread 3" [_thread_blocked, id=10716, stack(0x000000377fd00000,0x000000377fe00000)]
  0x0000020d29256800 JavaThread "jar transforms Thread 4" [_thread_blocked, id=20004, stack(0x000000377fe00000,0x000000377ff00000)]
  0x0000020d29251000 JavaThread "Cache worker for kotlin-dsl (C:\Users\Rashad\.gradle\caches\7.5.1\kotlin-dsl)" [_thread_blocked, id=3044, stack(0x000000377ff00000,0x0000003780000000)]
  0x0000020d29257800 JavaThread "jar transforms Thread 5" [_thread_blocked, id=6884, stack(0x000000377fa00000,0x000000377fb00000)]
  0x0000020d29251800 JavaThread "jar transforms Thread 6" [_thread_blocked, id=19660, stack(0x0000003700000000,0x0000003700100000)]
  0x0000020d29258000 JavaThread "Cache worker for dependencies-accessors (C:\Users\Rashad\Desktop\temp\AwesomeProject\android\.gradle\7.5.1\dependencies-accessors)" [_thread_blocked, id=18532, stack(0x0000003700100000,0x0000003700200000)]
  0x0000020d29252800 JavaThread "Cache worker for Build Output Cleanup Cache (C:\Users\Rashad\Desktop\temp\AwesomeProject\node_modules\react-native-gradle-plugin\.gradle\buildOutputCleanup)" [_thread_blocked, id=8592, stack(0x0000003700200000,0x0000003700300000)]
  0x0000020d29259000 JavaThread "jar transforms Thread 7" [_thread_blocked, id=1744, stack(0x0000003700300000,0x0000003700400000)]
  0x0000020d2925a000 JavaThread "Unconstrained build operations" [_thread_blocked, id=14644, stack(0x0000003700400000,0x0000003700500000)]
  0x0000020d2925a800 JavaThread "Unconstrained build operations Thread 2" [_thread_blocked, id=2344, stack(0x0000003700500000,0x0000003700600000)]
  0x0000020d2925c000 JavaThread "Unconstrained build operations Thread 3" [_thread_blocked, id=15500, stack(0x0000003700600000,0x0000003700700000)]
  0x0000020d2925b800 JavaThread "Unconstrained build operations Thread 4" [_thread_blocked, id=13248, stack(0x0000003700700000,0x0000003700800000)]
  0x0000020d2900a000 JavaThread "Unconstrained build operations Thread 5" [_thread_blocked, id=13636, stack(0x0000003700800000,0x0000003700900000)]
  0x0000020d29005000 JavaThread "Unconstrained build operations Thread 6" [_thread_blocked, id=12488, stack(0x0000003700900000,0x0000003700a00000)]
  0x0000020d29009000 JavaThread "Unconstrained build operations Thread 7" [_thread_blocked, id=1128, stack(0x0000003700a00000,0x0000003700b00000)]
  0x0000020d29004800 JavaThread "Unconstrained build operations Thread 8" [_thread_blocked, id=9732, stack(0x0000003700b00000,0x0000003700c00000)]
  0x0000020d2900b000 JavaThread "Unconstrained build operations Thread 9" [_thread_blocked, id=19052, stack(0x0000003700c00000,0x0000003700d00000)]
  0x0000020d2900b800 JavaThread "Unconstrained build operations Thread 10" [_thread_blocked, id=16444, stack(0x0000003700d00000,0x0000003700e00000)]
  0x0000020d29006000 JavaThread "Unconstrained build operations Thread 11" [_thread_blocked, id=3328, stack(0x0000003700e00000,0x0000003700f00000)]
  0x0000020d2900c800 JavaThread "Unconstrained build operations Thread 12" [_thread_blocked, id=6676, stack(0x0000003700f00000,0x0000003701000000)]
  0x0000020d29006800 JavaThread "Unconstrained build operations Thread 13" [_thread_blocked, id=18276, stack(0x0000003701000000,0x0000003701100000)]
  0x0000020d2900d000 JavaThread "Unconstrained build operations Thread 14" [_thread_blocked, id=17212, stack(0x0000003701100000,0x0000003701200000)]
  0x0000020d29007800 JavaThread "Unconstrained build operations Thread 15" [_thread_blocked, id=13296, stack(0x0000003701200000,0x0000003701300000)]
  0x0000020d2900e000 JavaThread "Unconstrained build operations Thread 16" [_thread_blocked, id=13700, stack(0x0000003701300000,0x0000003701400000)]
  0x0000020d29008800 JavaThread "Unconstrained build operations Thread 17" [_thread_blocked, id=1312, stack(0x0000003701400000,0x0000003701500000)]
  0x0000020d2900f000 JavaThread "Unconstrained build operations Thread 18" [_thread_blocked, id=11068, stack(0x0000003701500000,0x0000003701600000)]
  0x0000020d29012000 JavaThread "Unconstrained build operations Thread 19" [_thread_blocked, id=17912, stack(0x0000003701600000,0x0000003701700000)]
  0x0000020d29013000 JavaThread "Unconstrained build operations Thread 20" [_thread_blocked, id=2084, stack(0x0000003701700000,0x0000003701800000)]
  0x0000020d2900f800 JavaThread "Unconstrained build operations Thread 21" [_thread_blocked, id=18508, stack(0x0000003701800000,0x0000003701900000)]
  0x0000020d29010800 JavaThread "Unconstrained build operations Thread 22" [_thread_blocked, id=15764, stack(0x0000003701900000,0x0000003701a00000)]
  0x0000020d29011800 JavaThread "Unconstrained build operations Thread 23" [_thread_blocked, id=10012, stack(0x0000003701a00000,0x0000003701b00000)]
  0x0000020d25a52800 JavaThread "Unconstrained build operations Thread 24" [_thread_blocked, id=7656, stack(0x0000003701b00000,0x0000003701c00000)]
  0x0000020d25a53800 JavaThread "Unconstrained build operations Thread 25" [_thread_blocked, id=2724, stack(0x0000003701c00000,0x0000003701d00000)]
  0x0000020d25a54000 JavaThread "Unconstrained build operations Thread 26" [_thread_blocked, id=19836, stack(0x0000003701d00000,0x0000003701e00000)]
  0x0000020d25a51800 JavaThread "Unconstrained build operations Thread 27" [_thread_blocked, id=13860, stack(0x0000003701e00000,0x0000003701f00000)]
  0x0000020d25a55000 JavaThread "Unconstrained build operations Thread 28" [_thread_blocked, id=3552, stack(0x0000003701f00000,0x0000003702000000)]
  0x0000020d25a55800 JavaThread "Unconstrained build operations Thread 29" [_thread_blocked, id=15000, stack(0x0000003702000000,0x0000003702100000)]
  0x0000020d25a50000 JavaThread "Unconstrained build operations Thread 30" [_thread_blocked, id=8532, stack(0x0000003702100000,0x0000003702200000)]
  0x0000020d25a56800 JavaThread "Unconstrained build operations Thread 31" [_thread_blocked, id=18064, stack(0x0000003702200000,0x0000003702300000)]
  0x0000020d25a51000 JavaThread "Unconstrained build operations Thread 32" [_thread_blocked, id=19432, stack(0x0000003702300000,0x0000003702400000)]
  0x0000020d25a5c800 JavaThread "Unconstrained build operations Thread 33" [_thread_blocked, id=18136, stack(0x0000003702400000,0x0000003702500000)]
  0x0000020d25a59000 JavaThread "jar transforms Thread 8" [_thread_blocked, id=19104, stack(0x0000003702500000,0x0000003702600000)]
  0x0000020d25a57800 JavaThread "build event listener" [_thread_blocked, id=19148, stack(0x0000003702600000,0x0000003702700000)]
  0x0000020d25a5b800 JavaThread "Memory manager" [_thread_blocked, id=7704, stack(0x0000003702900000,0x0000003702a00000)]
=>0x0000020d28111800 JavaThread "C2 CompilerThread1" daemon [_thread_in_native, id=16432, stack(0x0000003702700000,0x0000003702800000)]
  0x0000020d25a5e000 JavaThread "Cache worker for Build Output Cleanup Cache (C:\Users\Rashad\Desktop\temp\AwesomeProject\android\.gradle\buildOutputCleanup)" [_thread_blocked, id=10164, stack(0x0000003702800000,0x0000003702900000)]
  0x0000020d25a58000 JavaThread "included builds" [_thread_blocked, id=19212, stack(0x0000003702a00000,0x0000003702b00000)]
  0x0000020d25a5e800 JavaThread "Execution worker" [_thread_in_native, id=2672, stack(0x0000003702b00000,0x0000003702c00000)]
  0x0000020d25a5a000 JavaThread "Execution worker Thread 2" [_thread_blocked, id=684, stack(0x0000003702c00000,0x0000003702d00000)]
  0x0000020d25a5a800 JavaThread "Execution worker Thread 3" [_thread_blocked, id=17272, stack(0x0000003702d00000,0x0000003702e00000)]
  0x0000020d2b25f800 JavaThread "Execution worker Thread 4" [_thread_blocked, id=6864, stack(0x0000003702e00000,0x0000003702f00000)]
  0x0000020d2b260800 JavaThread "Execution worker Thread 5" [_thread_blocked, id=10212, stack(0x0000003702f00000,0x0000003703000000)]
  0x0000020d2b262000 JavaThread "Execution worker Thread 6" [_thread_blocked, id=17624, stack(0x0000003703000000,0x0000003703100000)]
  0x0000020d2b261000 JavaThread "Execution worker Thread 7" [_thread_blocked, id=18048, stack(0x0000003703100000,0x0000003703200000)]
  0x0000020d2b262800 JavaThread "Cache worker for execution history cache (C:\Users\Rashad\Desktop\temp\AwesomeProject\node_modules\react-native-gradle-plugin\.gradle\7.5.1\executionHistory)" [_thread_blocked, id=11496, stack(0x0000003703200000,0x0000003703300000)]

Other Threads:
  0x0000020d24b8a800 VMThread "VM Thread" [stack: 0x000000377d100000,0x000000377d200000] [id=10336]
  0x0000020d255e7800 WatcherThread [stack: 0x000000377db00000,0x000000377dc00000] [id=18060]
  0x0000020d04b9c800 GCTaskThread "GC Thread#0" [stack: 0x000000377cc00000,0x000000377cd00000] [id=17796]
  0x0000020d262ef800 GCTaskThread "GC Thread#1" [stack: 0x000000377de00000,0x000000377df00000] [id=16820]
  0x0000020d262cf800 GCTaskThread "GC Thread#2" [stack: 0x000000377df00000,0x000000377e000000] [id=16332]
  0x0000020d267ac800 GCTaskThread "GC Thread#3" [stack: 0x000000377e000000,0x000000377e100000] [id=19716]
  0x0000020d267a7800 GCTaskThread "GC Thread#4" [stack: 0x000000377e100000,0x000000377e200000] [id=18832]
  0x0000020d26425000 GCTaskThread "GC Thread#5" [stack: 0x000000377e200000,0x000000377e300000] [id=3496]
  0x0000020d25e27800 GCTaskThread "GC Thread#6" [stack: 0x000000377ee00000,0x000000377ef00000] [id=19848]
  0x0000020d25500000 GCTaskThread "GC Thread#7" [stack: 0x000000377ef00000,0x000000377f000000] [id=18384]
  0x0000020d04bce800 ConcurrentGCThread "G1 Main Marker" [stack: 0x000000377cd00000,0x000000377ce00000] [id=20120]
  0x0000020d04bcf800 ConcurrentGCThread "G1 Conc#0" [stack: 0x000000377ce00000,0x000000377cf00000] [id=19948]
  0x0000020d278b1800 ConcurrentGCThread "G1 Conc#1" [stack: 0x000000377f000000,0x000000377f100000] [id=19904]
  0x0000020d24a20800 ConcurrentGCThread "G1 Refine#0" [stack: 0x000000377cf00000,0x000000377d000000] [id=17564]
  0x0000020d24a21000 ConcurrentGCThread "G1 Young RemSet Sampling" [stack: 0x000000377d000000,0x000000377d100000] [id=8500]

Threads with active compile tasks:
C2 CompilerThread1    30913 6814 %     4       org.gradle.internal.instantiation.generator.AbstractClassGenerator::inspectType @ 107 (560 bytes)

VM state:not at safepoint (normal execution)

VM Mutex/Monitor currently owned by a thread: None

Heap address: 0x0000000080000000, size: 2048 MB, Compressed Oops mode: 32-bit
Narrow klass base: 0x0000000000000000, Narrow klass shift: 3
Compressed class space size: 528482304 Address: 0x0000000100000000

Heap:
 garbage-first heap   total 262144K, used 173745K [0x0000000080000000, 0x0000000100000000)
  region size 1024K, 138 young (141312K), 9 survivors (9216K)
 Metaspace       used 66440K, capacity 68472K, committed 68816K, reserved 575488K
  class space    used 8880K, capacity 9758K, committed 9856K, reserved 516096K
Heap Regions: E=young(eden), S=young(survivor), O=old, HS=humongous(starts), HC=humongous(continues), CS=collection set, F=free, A=archive, TAMS=top-at-mark-start (previous, next)
|   0|0x0000000080000000, 0x0000000080100000, 0x0000000080100000|100%| O|  |TAMS 0x0000000080100000, 0x0000000080000000| Untracked 
|   1|0x0000000080100000, 0x0000000080200000, 0x0000000080200000|100%| O|  |TAMS 0x0000000080200000, 0x0000000080100000| Untracked 
|   2|0x0000000080200000, 0x0000000080300000, 0x0000000080300000|100%| O|  |TAMS 0x0000000080300000, 0x0000000080200000| Untracked 
|   3|0x0000000080300000, 0x0000000080400000, 0x0000000080400000|100%|HS|  |TAMS 0x0000000080400000, 0x0000000080300000| Complete 
|   4|0x0000000080400000, 0x0000000080500000, 0x0000000080500000|100%|HC|  |TAMS 0x0000000080500000, 0x0000000080400000| Complete 
|   5|0x0000000080500000, 0x0000000080600000, 0x0000000080600000|100%|HC|  |TAMS 0x0000000080600000, 0x0000000080500000| Complete 
|   6|0x0000000080600000, 0x0000000080700000, 0x0000000080700000|100%| O|  |TAMS 0x0000000080700000, 0x0000000080600000| Untracked 
|   7|0x0000000080700000, 0x0000000080800000, 0x0000000080800000|100%| O|  |TAMS 0x0000000080800000, 0x0000000080700000| Untracked 
|   8|0x0000000080800000, 0x0000000080900000, 0x0000000080900000|100%| O|  |TAMS 0x0000000080900000, 0x0000000080800000| Untracked 
|   9|0x0000000080900000, 0x0000000080a00000, 0x0000000080a00000|100%| O|  |TAMS 0x0000000080a00000, 0x0000000080900000| Untracked 
|  10|0x0000000080a00000, 0x0000000080b00000, 0x0000000080b00000|100%| O|  |TAMS 0x0000000080b00000, 0x0000000080a00000| Untracked 
|  11|0x0000000080b00000, 0x0000000080c00000, 0x0000000080c00000|100%| O|  |TAMS 0x0000000080c00000, 0x0000000080b00000| Untracked 
|  12|0x0000000080c00000, 0x0000000080d00000, 0x0000000080d00000|100%| O|  |TAMS 0x0000000080d00000, 0x0000000080c00000| Untracked 
|  13|0x0000000080d00000, 0x0000000080e00000, 0x0000000080e00000|100%| O|  |TAMS 0x0000000080e00000, 0x0000000080d00000| Untracked 
|  14|0x0000000080e00000, 0x0000000080f00000, 0x0000000080f00000|100%| O|  |TAMS 0x0000000080f00000, 0x0000000080e00000| Untracked 
|  15|0x0000000080f00000, 0x0000000081000000, 0x0000000081000000|100%| O|  |TAMS 0x0000000081000000, 0x0000000080f00000| Untracked 
|  16|0x0000000081000000, 0x0000000081100000, 0x0000000081100000|100%| O|  |TAMS 0x0000000081100000, 0x0000000081000000| Untracked 
|  17|0x0000000081100000, 0x0000000081200000, 0x0000000081200000|100%|HS|  |TAMS 0x0000000081200000, 0x0000000081100000| Complete 
|  18|0x0000000081200000, 0x0000000081300000, 0x0000000081300000|100%|HS|  |TAMS 0x0000000081300000, 0x0000000081200000| Complete 
|  19|0x0000000081300000, 0x0000000081400000, 0x0000000081400000|100%|HC|  |TAMS 0x0000000081400000, 0x0000000081300000| Complete 
|  20|0x0000000081400000, 0x0000000081500000, 0x0000000081500000|100%|HC|  |TAMS 0x0000000081500000, 0x0000000081400000| Complete 
|  21|0x0000000081500000, 0x0000000081600000, 0x0000000081600000|100%| O|  |TAMS 0x0000000081600000, 0x0000000081500000| Untracked 
|  22|0x0000000081600000, 0x0000000081700000, 0x0000000081700000|100%| O|  |TAMS 0x0000000081700000, 0x0000000081600000| Untracked 
|  23|0x0000000081700000, 0x0000000081800000, 0x0000000081800000|100%| O|  |TAMS 0x0000000081800000, 0x0000000081700000| Untracked 
|  24|0x0000000081800000, 0x0000000081900000, 0x0000000081900000|100%| O|  |TAMS 0x0000000081900000, 0x0000000081800000| Untracked 
|  25|0x0000000081900000, 0x0000000081a00000, 0x0000000081a00000|100%| O|  |TAMS 0x0000000081a00000, 0x0000000081900000| Untracked 
|  26|0x0000000081a00000, 0x0000000081b00000, 0x0000000081b00000|100%| O|  |TAMS 0x0000000081b00000, 0x0000000081a00000| Untracked 
|  27|0x0000000081b00000, 0x0000000081c00000, 0x0000000081c00000|100%| O|  |TAMS 0x0000000081c00000, 0x0000000081b00000| Untracked 
|  28|0x0000000081c00000, 0x0000000081d00000, 0x0000000081d00000|100%| O|  |TAMS 0x0000000081d00000, 0x0000000081c00000| Untracked 
|  29|0x0000000081d00000, 0x0000000081e00000, 0x0000000081e00000|100%| O|  |TAMS 0x0000000081e00000, 0x0000000081d00000| Untracked 
|  30|0x0000000081e00000, 0x0000000081f00000, 0x0000000081f00000|100%| O|  |TAMS 0x0000000081f00000, 0x0000000081e00000| Untracked 
|  31|0x0000000081f00000, 0x0000000082000000, 0x0000000082000000|100%| O|  |TAMS 0x0000000082000000, 0x0000000081f00000| Untracked 
|  32|0x0000000082000000, 0x00000000820ac600, 0x0000000082100000| 67%| O|  |TAMS 0x00000000820ac600, 0x0000000082000000| Untracked 
|  33|0x0000000082100000, 0x0000000082100000, 0x0000000082200000|  0%| F|  |TAMS 0x0000000082100000, 0x0000000082100000| Untracked 
|  34|0x0000000082200000, 0x0000000082200000, 0x0000000082300000|  0%| F|  |TAMS 0x0000000082200000, 0x0000000082200000| Untracked 
|  35|0x0000000082300000, 0x0000000082300000, 0x0000000082400000|  0%| F|  |TAMS 0x0000000082300000, 0x0000000082300000| Untracked 
|  36|0x0000000082400000, 0x0000000082400000, 0x0000000082500000|  0%| F|  |TAMS 0x0000000082400000, 0x0000000082400000| Untracked 
|  37|0x0000000082500000, 0x0000000082500000, 0x0000000082600000|  0%| F|  |TAMS 0x0000000082500000, 0x0000000082500000| Untracked 
|  38|0x0000000082600000, 0x0000000082600000, 0x0000000082700000|  0%| F|  |TAMS 0x0000000082600000, 0x0000000082600000| Untracked 
|  39|0x0000000082700000, 0x0000000082700000, 0x0000000082800000|  0%| F|  |TAMS 0x0000000082700000, 0x0000000082700000| Untracked 
|  40|0x0000000082800000, 0x0000000082800000, 0x0000000082900000|  0%| F|  |TAMS 0x0000000082800000, 0x0000000082800000| Untracked 
|  41|0x0000000082900000, 0x0000000082900000, 0x0000000082a00000|  0%| F|  |TAMS 0x0000000082900000, 0x0000000082900000| Untracked 
|  42|0x0000000082a00000, 0x0000000082a00000, 0x0000000082b00000|  0%| F|  |TAMS 0x0000000082a00000, 0x0000000082a00000| Untracked 
|  43|0x0000000082b00000, 0x0000000082b00000, 0x0000000082c00000|  0%| F|  |TAMS 0x0000000082b00000, 0x0000000082b00000| Untracked 
|  44|0x0000000082c00000, 0x0000000082c00000, 0x0000000082d00000|  0%| F|  |TAMS 0x0000000082c00000, 0x0000000082c00000| Untracked 
|  45|0x0000000082d00000, 0x0000000082d00000, 0x0000000082e00000|  0%| F|  |TAMS 0x0000000082d00000, 0x0000000082d00000| Untracked 
|  46|0x0000000082e00000, 0x0000000082e00000, 0x0000000082f00000|  0%| F|  |TAMS 0x0000000082e00000, 0x0000000082e00000| Untracked 
|  47|0x0000000082f00000, 0x0000000082f00000, 0x0000000083000000|  0%| F|  |TAMS 0x0000000082f00000, 0x0000000082f00000| Untracked 
|  48|0x0000000083000000, 0x0000000083000000, 0x0000000083100000|  0%| F|  |TAMS 0x0000000083000000, 0x0000000083000000| Untracked 
|  49|0x0000000083100000, 0x0000000083100000, 0x0000000083200000|  0%| F|  |TAMS 0x0000000083100000, 0x0000000083100000| Untracked 
|  50|0x0000000083200000, 0x0000000083200000, 0x0000000083300000|  0%| F|  |TAMS 0x0000000083200000, 0x0000000083200000| Untracked 
|  51|0x0000000083300000, 0x0000000083300000, 0x0000000083400000|  0%| F|  |TAMS 0x0000000083300000, 0x0000000083300000| Untracked 
|  52|0x0000000083400000, 0x0000000083400000, 0x0000000083500000|  0%| F|  |TAMS 0x0000000083400000, 0x0000000083400000| Untracked 
|  53|0x0000000083500000, 0x0000000083500000, 0x0000000083600000|  0%| F|  |TAMS 0x0000000083500000, 0x0000000083500000| Untracked 
|  54|0x0000000083600000, 0x0000000083600000, 0x0000000083700000|  0%| F|  |TAMS 0x0000000083600000, 0x0000000083600000| Untracked 
|  55|0x0000000083700000, 0x0000000083700000, 0x0000000083800000|  0%| F|  |TAMS 0x0000000083700000, 0x0000000083700000| Untracked 
|  56|0x0000000083800000, 0x0000000083800000, 0x0000000083900000|  0%| F|  |TAMS 0x0000000083800000, 0x0000000083800000| Untracked 
|  57|0x0000000083900000, 0x0000000083900000, 0x0000000083a00000|  0%| F|  |TAMS 0x0000000083900000, 0x0000000083900000| Untracked 
|  58|0x0000000083a00000, 0x0000000083a00000, 0x0000000083b00000|  0%| F|  |TAMS 0x0000000083a00000, 0x0000000083a00000| Untracked 
|  59|0x0000000083b00000, 0x0000000083b00000, 0x0000000083c00000|  0%| F|  |TAMS 0x0000000083b00000, 0x0000000083b00000| Untracked 
|  60|0x0000000083c00000, 0x0000000083c00000, 0x0000000083d00000|  0%| F|  |TAMS 0x0000000083c00000, 0x0000000083c00000| Untracked 
|  61|0x0000000083d00000, 0x0000000083d00000, 0x0000000083e00000|  0%| F|  |TAMS 0x0000000083d00000, 0x0000000083d00000| Untracked 
|  62|0x0000000083e00000, 0x0000000083e00000, 0x0000000083f00000|  0%| F|  |TAMS 0x0000000083e00000, 0x0000000083e00000| Untracked 
|  63|0x0000000083f00000, 0x0000000083f00000, 0x0000000084000000|  0%| F|  |TAMS 0x0000000083f00000, 0x0000000083f00000| Untracked 
|  64|0x0000000084000000, 0x0000000084000000, 0x0000000084100000|  0%| F|  |TAMS 0x0000000084000000, 0x0000000084000000| Untracked 
|  65|0x0000000084100000, 0x0000000084100000, 0x0000000084200000|  0%| F|  |TAMS 0x0000000084100000, 0x0000000084100000| Untracked 
|  66|0x0000000084200000, 0x0000000084200000, 0x0000000084300000|  0%| F|  |TAMS 0x0000000084200000, 0x0000000084200000| Untracked 
|  67|0x0000000084300000, 0x0000000084300000, 0x0000000084400000|  0%| F|  |TAMS 0x0000000084300000, 0x0000000084300000| Untracked 
|  68|0x0000000084400000, 0x0000000084400000, 0x0000000084500000|  0%| F|  |TAMS 0x0000000084400000, 0x0000000084400000| Untracked 
|  69|0x0000000084500000, 0x0000000084500000, 0x0000000084600000|  0%| F|  |TAMS 0x0000000084500000, 0x0000000084500000| Untracked 
|  70|0x0000000084600000, 0x0000000084600000, 0x0000000084700000|  0%| F|  |TAMS 0x0000000084600000, 0x0000000084600000| Untracked 
|  71|0x0000000084700000, 0x0000000084700000, 0x0000000084800000|  0%| F|  |TAMS 0x0000000084700000, 0x0000000084700000| Untracked 
|  72|0x0000000084800000, 0x0000000084800000, 0x0000000084900000|  0%| F|  |TAMS 0x0000000084800000, 0x0000000084800000| Untracked 
|  73|0x0000000084900000, 0x0000000084900000, 0x0000000084a00000|  0%| F|  |TAMS 0x0000000084900000, 0x0000000084900000| Untracked 
|  74|0x0000000084a00000, 0x0000000084a00000, 0x0000000084b00000|  0%| F|  |TAMS 0x0000000084a00000, 0x0000000084a00000| Untracked 
|  75|0x0000000084b00000, 0x0000000084b00000, 0x0000000084c00000|  0%| F|  |TAMS 0x0000000084b00000, 0x0000000084b00000| Untracked 
|  76|0x0000000084c00000, 0x0000000084c00000, 0x0000000084d00000|  0%| F|  |TAMS 0x0000000084c00000, 0x0000000084c00000| Untracked 
|  77|0x0000000084d00000, 0x0000000084d00000, 0x0000000084e00000|  0%| F|  |TAMS 0x0000000084d00000, 0x0000000084d00000| Untracked 
|  78|0x0000000084e00000, 0x0000000084e00000, 0x0000000084f00000|  0%| F|  |TAMS 0x0000000084e00000, 0x0000000084e00000| Untracked 
|  79|0x0000000084f00000, 0x0000000084f00000, 0x0000000085000000|  0%| F|  |TAMS 0x0000000084f00000, 0x0000000084f00000| Untracked 
|  80|0x0000000085000000, 0x0000000085000000, 0x0000000085100000|  0%| F|  |TAMS 0x0000000085000000, 0x0000000085000000| Untracked 
|  81|0x0000000085100000, 0x0000000085100000, 0x0000000085200000|  0%| F|  |TAMS 0x0000000085100000, 0x0000000085100000| Untracked 
|  82|0x0000000085200000, 0x0000000085200000, 0x0000000085300000|  0%| F|  |TAMS 0x0000000085200000, 0x0000000085200000| Untracked 
|  83|0x0000000085300000, 0x0000000085300000, 0x0000000085400000|  0%| F|  |TAMS 0x0000000085300000, 0x0000000085300000| Untracked 
|  84|0x0000000085400000, 0x0000000085400000, 0x0000000085500000|  0%| F|  |TAMS 0x0000000085400000, 0x0000000085400000| Untracked 
|  85|0x0000000085500000, 0x0000000085500000, 0x0000000085600000|  0%| F|  |TAMS 0x0000000085500000, 0x0000000085500000| Untracked 
|  86|0x0000000085600000, 0x0000000085600000, 0x0000000085700000|  0%| F|  |TAMS 0x0000000085600000, 0x0000000085600000| Untracked 
|  87|0x0000000085700000, 0x0000000085700000, 0x0000000085800000|  0%| F|  |TAMS 0x0000000085700000, 0x0000000085700000| Untracked 
|  88|0x0000000085800000, 0x0000000085800000, 0x0000000085900000|  0%| F|  |TAMS 0x0000000085800000, 0x0000000085800000| Untracked 
|  89|0x0000000085900000, 0x0000000085900000, 0x0000000085a00000|  0%| F|  |TAMS 0x0000000085900000, 0x0000000085900000| Untracked 
|  90|0x0000000085a00000, 0x0000000085a00000, 0x0000000085b00000|  0%| F|  |TAMS 0x0000000085a00000, 0x0000000085a00000| Untracked 
|  91|0x0000000085b00000, 0x0000000085b00000, 0x0000000085c00000|  0%| F|  |TAMS 0x0000000085b00000, 0x0000000085b00000| Untracked 
|  92|0x0000000085c00000, 0x0000000085c00000, 0x0000000085d00000|  0%| F|  |TAMS 0x0000000085c00000, 0x0000000085c00000| Untracked 
|  93|0x0000000085d00000, 0x0000000085d00000, 0x0000000085e00000|  0%| F|  |TAMS 0x0000000085d00000, 0x0000000085d00000| Untracked 
|  94|0x0000000085e00000, 0x0000000085e00000, 0x0000000085f00000|  0%| F|  |TAMS 0x0000000085e00000, 0x0000000085e00000| Untracked 
|  95|0x0000000085f00000, 0x0000000085f00000, 0x0000000086000000|  0%| F|  |TAMS 0x0000000085f00000, 0x0000000085f00000| Untracked 
|  96|0x0000000086000000, 0x0000000086000000, 0x0000000086100000|  0%| F|  |TAMS 0x0000000086000000, 0x0000000086000000| Untracked 
|  97|0x0000000086100000, 0x0000000086100000, 0x0000000086200000|  0%| F|  |TAMS 0x0000000086100000, 0x0000000086100000| Untracked 
|  98|0x0000000086200000, 0x0000000086200000, 0x0000000086300000|  0%| F|  |TAMS 0x0000000086200000, 0x0000000086200000| Untracked 
|  99|0x0000000086300000, 0x0000000086300000, 0x0000000086400000|  0%| F|  |TAMS 0x0000000086300000, 0x0000000086300000| Untracked 
| 100|0x0000000086400000, 0x0000000086400000, 0x0000000086500000|  0%| F|  |TAMS 0x0000000086400000, 0x0000000086400000| Untracked 
| 101|0x0000000086500000, 0x0000000086500000, 0x0000000086600000|  0%| F|  |TAMS 0x0000000086500000, 0x0000000086500000| Untracked 
| 102|0x0000000086600000, 0x0000000086600000, 0x0000000086700000|  0%| F|  |TAMS 0x0000000086600000, 0x0000000086600000| Untracked 
| 103|0x0000000086700000, 0x0000000086700000, 0x0000000086800000|  0%| F|  |TAMS 0x0000000086700000, 0x0000000086700000| Untracked 
| 104|0x0000000086800000, 0x0000000086800000, 0x0000000086900000|  0%| F|  |TAMS 0x0000000086800000, 0x0000000086800000| Untracked 
| 105|0x0000000086900000, 0x0000000086900000, 0x0000000086a00000|  0%| F|  |TAMS 0x0000000086900000, 0x0000000086900000| Untracked 
| 106|0x0000000086a00000, 0x0000000086a00000, 0x0000000086b00000|  0%| F|  |TAMS 0x0000000086a00000, 0x0000000086a00000| Untracked 
| 107|0x0000000086b00000, 0x0000000086b00000, 0x0000000086c00000|  0%| F|  |TAMS 0x0000000086b00000, 0x0000000086b00000| Untracked 
| 108|0x0000000086c00000, 0x0000000086c00000, 0x0000000086d00000|  0%| F|  |TAMS 0x0000000086c00000, 0x0000000086c00000| Untracked 
| 109|0x0000000086d00000, 0x0000000086d00000, 0x0000000086e00000|  0%| F|  |TAMS 0x0000000086d00000, 0x0000000086d00000| Untracked 
| 110|0x0000000086e00000, 0x0000000086e00000, 0x0000000086f00000|  0%| F|  |TAMS 0x0000000086e00000, 0x0000000086e00000| Untracked 
| 111|0x0000000086f00000, 0x0000000086f00000, 0x0000000087000000|  0%| F|  |TAMS 0x0000000086f00000, 0x0000000086f00000| Untracked 
| 112|0x0000000087000000, 0x0000000087000000, 0x0000000087100000|  0%| F|  |TAMS 0x0000000087000000, 0x0000000087000000| Untracked 
| 113|0x0000000087100000, 0x0000000087100000, 0x0000000087200000|  0%| F|  |TAMS 0x0000000087100000, 0x0000000087100000| Untracked 
| 114|0x0000000087200000, 0x0000000087200000, 0x0000000087300000|  0%| F|  |TAMS 0x0000000087200000, 0x0000000087200000| Untracked 
| 115|0x0000000087300000, 0x0000000087300000, 0x0000000087400000|  0%| F|  |TAMS 0x0000000087300000, 0x0000000087300000| Untracked 
| 116|0x0000000087400000, 0x0000000087400000, 0x0000000087500000|  0%| F|  |TAMS 0x0000000087400000, 0x0000000087400000| Untracked 
| 117|0x0000000087500000, 0x0000000087500000, 0x0000000087600000|  0%| F|  |TAMS 0x0000000087500000, 0x0000000087500000| Untracked 
| 118|0x0000000087600000, 0x0000000087625b10, 0x0000000087700000| 14%| E|  |TAMS 0x0000000087600000, 0x0000000087600000| Complete 
| 119|0x0000000087700000, 0x0000000087800000, 0x0000000087800000|100%| E|CS|TAMS 0x0000000087700000, 0x0000000087700000| Complete 
| 120|0x0000000087800000, 0x0000000087900000, 0x0000000087900000|100%| E|CS|TAMS 0x0000000087800000, 0x0000000087800000| Complete 
| 121|0x0000000087900000, 0x0000000087a00000, 0x0000000087a00000|100%| E|CS|TAMS 0x0000000087900000, 0x0000000087900000| Complete 
| 122|0x0000000087a00000, 0x0000000087b00000, 0x0000000087b00000|100%| E|CS|TAMS 0x0000000087a00000, 0x0000000087a00000| Complete 
| 123|0x0000000087b00000, 0x0000000087c00000, 0x0000000087c00000|100%| E|CS|TAMS 0x0000000087b00000, 0x0000000087b00000| Complete 
| 124|0x0000000087c00000, 0x0000000087d00000, 0x0000000087d00000|100%| E|CS|TAMS 0x0000000087c00000, 0x0000000087c00000| Complete 
| 125|0x0000000087d00000, 0x0000000087e00000, 0x0000000087e00000|100%| E|CS|TAMS 0x0000000087d00000, 0x0000000087d00000| Complete 
| 126|0x0000000087e00000, 0x0000000087f00000, 0x0000000087f00000|100%| E|CS|TAMS 0x0000000087e00000, 0x0000000087e00000| Complete 
| 127|0x0000000087f00000, 0x0000000088000000, 0x0000000088000000|100%| E|CS|TAMS 0x0000000087f00000, 0x0000000087f00000| Complete 
| 128|0x0000000088000000, 0x0000000088100000, 0x0000000088100000|100%| E|CS|TAMS 0x0000000088000000, 0x0000000088000000| Complete 
| 129|0x0000000088100000, 0x0000000088200000, 0x0000000088200000|100%| E|CS|TAMS 0x0000000088100000, 0x0000000088100000| Complete 
| 130|0x0000000088200000, 0x0000000088300000, 0x0000000088300000|100%| E|CS|TAMS 0x0000000088200000, 0x0000000088200000| Complete 
| 131|0x0000000088300000, 0x0000000088400000, 0x0000000088400000|100%| E|CS|TAMS 0x0000000088300000, 0x0000000088300000| Complete 
| 132|0x0000000088400000, 0x0000000088500000, 0x0000000088500000|100%| E|CS|TAMS 0x0000000088400000, 0x0000000088400000| Complete 
| 133|0x0000000088500000, 0x0000000088600000, 0x0000000088600000|100%| E|CS|TAMS 0x0000000088500000, 0x0000000088500000| Complete 
| 134|0x0000000088600000, 0x0000000088700000, 0x0000000088700000|100%| E|CS|TAMS 0x0000000088600000, 0x0000000088600000| Complete 
| 135|0x0000000088700000, 0x0000000088800000, 0x0000000088800000|100%| E|CS|TAMS 0x0000000088700000, 0x0000000088700000| Complete 
| 136|0x0000000088800000, 0x0000000088900000, 0x0000000088900000|100%| E|CS|TAMS 0x0000000088800000, 0x0000000088800000| Complete 
| 137|0x0000000088900000, 0x0000000088a00000, 0x0000000088a00000|100%| E|CS|TAMS 0x0000000088900000, 0x0000000088900000| Complete 
| 138|0x0000000088a00000, 0x0000000088b00000, 0x0000000088b00000|100%| E|CS|TAMS 0x0000000088a00000, 0x0000000088a00000| Complete 
| 139|0x0000000088b00000, 0x0000000088c00000, 0x0000000088c00000|100%| E|CS|TAMS 0x0000000088b00000, 0x0000000088b00000| Complete 
| 140|0x0000000088c00000, 0x0000000088d00000, 0x0000000088d00000|100%| E|CS|TAMS 0x0000000088c00000, 0x0000000088c00000| Complete 
| 141|0x0000000088d00000, 0x0000000088e00000, 0x0000000088e00000|100%| E|CS|TAMS 0x0000000088d00000, 0x0000000088d00000| Complete 
| 142|0x0000000088e00000, 0x0000000088f00000, 0x0000000088f00000|100%| E|CS|TAMS 0x0000000088e00000, 0x0000000088e00000| Complete 
| 143|0x0000000088f00000, 0x0000000089000000, 0x0000000089000000|100%| E|CS|TAMS 0x0000000088f00000, 0x0000000088f00000| Complete 
| 144|0x0000000089000000, 0x0000000089100000, 0x0000000089100000|100%| E|CS|TAMS 0x0000000089000000, 0x0000000089000000| Complete 
| 145|0x0000000089100000, 0x0000000089200000, 0x0000000089200000|100%| E|CS|TAMS 0x0000000089100000, 0x0000000089100000| Complete 
| 146|0x0000000089200000, 0x0000000089300000, 0x0000000089300000|100%| E|CS|TAMS 0x0000000089200000, 0x0000000089200000| Complete 
| 147|0x0000000089300000, 0x0000000089400000, 0x0000000089400000|100%| E|CS|TAMS 0x0000000089300000, 0x0000000089300000| Complete 
| 148|0x0000000089400000, 0x0000000089500000, 0x0000000089500000|100%| E|CS|TAMS 0x0000000089400000, 0x0000000089400000| Complete 
| 149|0x0000000089500000, 0x0000000089600000, 0x0000000089600000|100%| E|CS|TAMS 0x0000000089500000, 0x0000000089500000| Complete 
| 150|0x0000000089600000, 0x0000000089700000, 0x0000000089700000|100%| E|CS|TAMS 0x0000000089600000, 0x0000000089600000| Complete 
| 151|0x0000000089700000, 0x0000000089800000, 0x0000000089800000|100%| E|CS|TAMS 0x0000000089700000, 0x0000000089700000| Complete 
| 152|0x0000000089800000, 0x0000000089900000, 0x0000000089900000|100%| E|CS|TAMS 0x0000000089800000, 0x0000000089800000| Complete 
| 153|0x0000000089900000, 0x0000000089a00000, 0x0000000089a00000|100%| E|CS|TAMS 0x0000000089900000, 0x0000000089900000| Complete 
| 154|0x0000000089a00000, 0x0000000089b00000, 0x0000000089b00000|100%| E|CS|TAMS 0x0000000089a00000, 0x0000000089a00000| Complete 
| 155|0x0000000089b00000, 0x0000000089c00000, 0x0000000089c00000|100%| E|CS|TAMS 0x0000000089b00000, 0x0000000089b00000| Complete 
| 156|0x0000000089c00000, 0x0000000089d00000, 0x0000000089d00000|100%| E|CS|TAMS 0x0000000089c00000, 0x0000000089c00000| Complete 
| 157|0x0000000089d00000, 0x0000000089e00000, 0x0000000089e00000|100%| E|CS|TAMS 0x0000000089d00000, 0x0000000089d00000| Complete 
| 158|0x0000000089e00000, 0x0000000089f00000, 0x0000000089f00000|100%| E|CS|TAMS 0x0000000089e00000, 0x0000000089e00000| Complete 
| 159|0x0000000089f00000, 0x000000008a000000, 0x000000008a000000|100%| E|CS|TAMS 0x0000000089f00000, 0x0000000089f00000| Complete 
| 160|0x000000008a000000, 0x000000008a100000, 0x000000008a100000|100%| E|CS|TAMS 0x000000008a000000, 0x000000008a000000| Complete 
| 161|0x000000008a100000, 0x000000008a200000, 0x000000008a200000|100%| E|CS|TAMS 0x000000008a100000, 0x000000008a100000| Complete 
| 162|0x000000008a200000, 0x000000008a300000, 0x000000008a300000|100%| E|CS|TAMS 0x000000008a200000, 0x000000008a200000| Complete 
| 163|0x000000008a300000, 0x000000008a400000, 0x000000008a400000|100%| E|CS|TAMS 0x000000008a300000, 0x000000008a300000| Complete 
| 164|0x000000008a400000, 0x000000008a500000, 0x000000008a500000|100%| E|CS|TAMS 0x000000008a400000, 0x000000008a400000| Complete 
| 165|0x000000008a500000, 0x000000008a600000, 0x000000008a600000|100%| E|CS|TAMS 0x000000008a500000, 0x000000008a500000| Complete 
| 166|0x000000008a600000, 0x000000008a700000, 0x000000008a700000|100%| E|CS|TAMS 0x000000008a600000, 0x000000008a600000| Complete 
| 167|0x000000008a700000, 0x000000008a800000, 0x000000008a800000|100%| E|CS|TAMS 0x000000008a700000, 0x000000008a700000| Complete 
| 168|0x000000008a800000, 0x000000008a900000, 0x000000008a900000|100%| E|CS|TAMS 0x000000008a800000, 0x000000008a800000| Complete 
| 169|0x000000008a900000, 0x000000008aa00000, 0x000000008aa00000|100%| E|CS|TAMS 0x000000008a900000, 0x000000008a900000| Complete 
| 170|0x000000008aa00000, 0x000000008ab00000, 0x000000008ab00000|100%| E|CS|TAMS 0x000000008aa00000, 0x000000008aa00000| Complete 
| 171|0x000000008ab00000, 0x000000008ac00000, 0x000000008ac00000|100%| E|CS|TAMS 0x000000008ab00000, 0x000000008ab00000| Complete 
| 172|0x000000008ac00000, 0x000000008ad00000, 0x000000008ad00000|100%| E|CS|TAMS 0x000000008ac00000, 0x000000008ac00000| Complete 
| 173|0x000000008ad00000, 0x000000008ae00000, 0x000000008ae00000|100%| E|CS|TAMS 0x000000008ad00000, 0x000000008ad00000| Complete 
| 174|0x000000008ae00000, 0x000000008af00000, 0x000000008af00000|100%| E|CS|TAMS 0x000000008ae00000, 0x000000008ae00000| Complete 
| 175|0x000000008af00000, 0x000000008b000000, 0x000000008b000000|100%| E|CS|TAMS 0x000000008af00000, 0x000000008af00000| Complete 
| 176|0x000000008b000000, 0x000000008b100000, 0x000000008b100000|100%| E|CS|TAMS 0x000000008b000000, 0x000000008b000000| Complete 
| 177|0x000000008b100000, 0x000000008b200000, 0x000000008b200000|100%| E|CS|TAMS 0x000000008b100000, 0x000000008b100000| Complete 
| 178|0x000000008b200000, 0x000000008b300000, 0x000000008b300000|100%| E|CS|TAMS 0x000000008b200000, 0x000000008b200000| Complete 
| 179|0x000000008b300000, 0x000000008b400000, 0x000000008b400000|100%| E|CS|TAMS 0x000000008b300000, 0x000000008b300000| Complete 
| 180|0x000000008b400000, 0x000000008b500000, 0x000000008b500000|100%| E|CS|TAMS 0x000000008b400000, 0x000000008b400000| Complete 
| 181|0x000000008b500000, 0x000000008b600000, 0x000000008b600000|100%| E|CS|TAMS 0x000000008b500000, 0x000000008b500000| Complete 
| 182|0x000000008b600000, 0x000000008b700000, 0x000000008b700000|100%| E|CS|TAMS 0x000000008b600000, 0x000000008b600000| Complete 
| 183|0x000000008b700000, 0x000000008b800000, 0x000000008b800000|100%| E|CS|TAMS 0x000000008b700000, 0x000000008b700000| Complete 
| 184|0x000000008b800000, 0x000000008b900000, 0x000000008b900000|100%| E|CS|TAMS 0x000000008b800000, 0x000000008b800000| Complete 
| 185|0x000000008b900000, 0x000000008ba00000, 0x000000008ba00000|100%| E|CS|TAMS 0x000000008b900000, 0x000000008b900000| Complete 
| 186|0x000000008ba00000, 0x000000008bb00000, 0x000000008bb00000|100%| E|CS|TAMS 0x000000008ba00000, 0x000000008ba00000| Complete 
| 187|0x000000008bb00000, 0x000000008bc00000, 0x000000008bc00000|100%| S|CS|TAMS 0x000000008bb00000, 0x000000008bb00000| Complete 
| 188|0x000000008bc00000, 0x000000008bd00000, 0x000000008bd00000|100%| S|CS|TAMS 0x000000008bc00000, 0x000000008bc00000| Complete 
| 189|0x000000008bd00000, 0x000000008be00000, 0x000000008be00000|100%| S|CS|TAMS 0x000000008bd00000, 0x000000008bd00000| Complete 
| 190|0x000000008be00000, 0x000000008bf00000, 0x000000008bf00000|100%| S|CS|TAMS 0x000000008be00000, 0x000000008be00000| Complete 
| 191|0x000000008bf00000, 0x000000008c000000, 0x000000008c000000|100%| S|CS|TAMS 0x000000008bf00000, 0x000000008bf00000| Complete 
| 192|0x000000008c000000, 0x000000008c100000, 0x000000008c100000|100%| S|CS|TAMS 0x000000008c000000, 0x000000008c000000| Complete 
| 193|0x000000008c100000, 0x000000008c200000, 0x000000008c200000|100%| S|CS|TAMS 0x000000008c100000, 0x000000008c100000| Complete 
| 194|0x000000008c200000, 0x000000008c300000, 0x000000008c300000|100%| S|CS|TAMS 0x000000008c200000, 0x000000008c200000| Complete 
| 195|0x000000008c300000, 0x000000008c400000, 0x000000008c400000|100%| S|CS|TAMS 0x000000008c300000, 0x000000008c300000| Complete 
| 196|0x000000008c400000, 0x000000008c500000, 0x000000008c500000|100%| E|CS|TAMS 0x000000008c400000, 0x000000008c400000| Complete 
| 197|0x000000008c500000, 0x000000008c600000, 0x000000008c600000|100%| E|CS|TAMS 0x000000008c500000, 0x000000008c500000| Complete 
| 198|0x000000008c600000, 0x000000008c700000, 0x000000008c700000|100%| E|CS|TAMS 0x000000008c600000, 0x000000008c600000| Complete 
| 199|0x000000008c700000, 0x000000008c800000, 0x000000008c800000|100%| E|CS|TAMS 0x000000008c700000, 0x000000008c700000| Complete 
| 200|0x000000008c800000, 0x000000008c900000, 0x000000008c900000|100%| E|CS|TAMS 0x000000008c800000, 0x000000008c800000| Complete 
| 201|0x000000008c900000, 0x000000008ca00000, 0x000000008ca00000|100%| E|CS|TAMS 0x000000008c900000, 0x000000008c900000| Complete 
| 202|0x000000008ca00000, 0x000000008cb00000, 0x000000008cb00000|100%| E|CS|TAMS 0x000000008ca00000, 0x000000008ca00000| Complete 
| 203|0x000000008cb00000, 0x000000008cc00000, 0x000000008cc00000|100%| E|CS|TAMS 0x000000008cb00000, 0x000000008cb00000| Complete 
| 204|0x000000008cc00000, 0x000000008cd00000, 0x000000008cd00000|100%| E|CS|TAMS 0x000000008cc00000, 0x000000008cc00000| Complete 
| 205|0x000000008cd00000, 0x000000008ce00000, 0x000000008ce00000|100%| E|CS|TAMS 0x000000008cd00000, 0x000000008cd00000| Complete 
| 206|0x000000008ce00000, 0x000000008cf00000, 0x000000008cf00000|100%| E|CS|TAMS 0x000000008ce00000, 0x000000008ce00000| Complete 
| 207|0x000000008cf00000, 0x000000008d000000, 0x000000008d000000|100%| E|CS|TAMS 0x000000008cf00000, 0x000000008cf00000| Complete 
| 208|0x000000008d000000, 0x000000008d100000, 0x000000008d100000|100%| E|CS|TAMS 0x000000008d000000, 0x000000008d000000| Complete 
| 209|0x000000008d100000, 0x000000008d200000, 0x000000008d200000|100%| E|CS|TAMS 0x000000008d100000, 0x000000008d100000| Complete 
| 210|0x000000008d200000, 0x000000008d300000, 0x000000008d300000|100%| E|CS|TAMS 0x000000008d200000, 0x000000008d200000| Complete 
| 211|0x000000008d300000, 0x000000008d400000, 0x000000008d400000|100%| E|CS|TAMS 0x000000008d300000, 0x000000008d300000| Complete 
| 212|0x000000008d400000, 0x000000008d500000, 0x000000008d500000|100%| E|CS|TAMS 0x000000008d400000, 0x000000008d400000| Complete 
| 213|0x000000008d500000, 0x000000008d600000, 0x000000008d600000|100%| E|CS|TAMS 0x000000008d500000, 0x000000008d500000| Complete 
| 214|0x000000008d600000, 0x000000008d700000, 0x000000008d700000|100%| E|CS|TAMS 0x000000008d600000, 0x000000008d600000| Complete 
| 215|0x000000008d700000, 0x000000008d800000, 0x000000008d800000|100%| E|CS|TAMS 0x000000008d700000, 0x000000008d700000| Complete 
| 216|0x000000008d800000, 0x000000008d900000, 0x000000008d900000|100%| E|CS|TAMS 0x000000008d800000, 0x000000008d800000| Complete 
| 217|0x000000008d900000, 0x000000008da00000, 0x000000008da00000|100%| E|CS|TAMS 0x000000008d900000, 0x000000008d900000| Complete 
| 218|0x000000008da00000, 0x000000008db00000, 0x000000008db00000|100%| E|CS|TAMS 0x000000008da00000, 0x000000008da00000| Complete 
| 219|0x000000008db00000, 0x000000008dc00000, 0x000000008dc00000|100%| E|CS|TAMS 0x000000008db00000, 0x000000008db00000| Complete 
| 220|0x000000008dc00000, 0x000000008dd00000, 0x000000008dd00000|100%| E|CS|TAMS 0x000000008dc00000, 0x000000008dc00000| Complete 
| 221|0x000000008dd00000, 0x000000008de00000, 0x000000008de00000|100%| E|CS|TAMS 0x000000008dd00000, 0x000000008dd00000| Complete 
| 222|0x000000008de00000, 0x000000008df00000, 0x000000008df00000|100%| E|CS|TAMS 0x000000008de00000, 0x000000008de00000| Complete 
| 223|0x000000008df00000, 0x000000008e000000, 0x000000008e000000|100%| E|CS|TAMS 0x000000008df00000, 0x000000008df00000| Complete 
| 224|0x000000008e000000, 0x000000008e100000, 0x000000008e100000|100%| E|CS|TAMS 0x000000008e000000, 0x000000008e000000| Complete 
| 225|0x000000008e100000, 0x000000008e200000, 0x000000008e200000|100%| E|CS|TAMS 0x000000008e100000, 0x000000008e100000| Complete 
| 226|0x000000008e200000, 0x000000008e300000, 0x000000008e300000|100%| E|CS|TAMS 0x000000008e200000, 0x000000008e200000| Complete 
| 227|0x000000008e300000, 0x000000008e400000, 0x000000008e400000|100%| E|CS|TAMS 0x000000008e300000, 0x000000008e300000| Complete 
| 228|0x000000008e400000, 0x000000008e500000, 0x000000008e500000|100%| E|CS|TAMS 0x000000008e400000, 0x000000008e400000| Complete 
| 229|0x000000008e500000, 0x000000008e600000, 0x000000008e600000|100%| E|CS|TAMS 0x000000008e500000, 0x000000008e500000| Complete 
| 230|0x000000008e600000, 0x000000008e700000, 0x000000008e700000|100%| E|CS|TAMS 0x000000008e600000, 0x000000008e600000| Complete 
| 231|0x000000008e700000, 0x000000008e800000, 0x000000008e800000|100%| E|CS|TAMS 0x000000008e700000, 0x000000008e700000| Complete 
| 232|0x000000008e800000, 0x000000008e900000, 0x000000008e900000|100%| E|CS|TAMS 0x000000008e800000, 0x000000008e800000| Complete 
| 233|0x000000008e900000, 0x000000008ea00000, 0x000000008ea00000|100%| E|CS|TAMS 0x000000008e900000, 0x000000008e900000| Complete 
| 234|0x000000008ea00000, 0x000000008eb00000, 0x000000008eb00000|100%| E|CS|TAMS 0x000000008ea00000, 0x000000008ea00000| Complete 
| 235|0x000000008eb00000, 0x000000008ec00000, 0x000000008ec00000|100%| E|CS|TAMS 0x000000008eb00000, 0x000000008eb00000| Complete 
| 236|0x000000008ec00000, 0x000000008ed00000, 0x000000008ed00000|100%| E|CS|TAMS 0x000000008ec00000, 0x000000008ec00000| Complete 
| 237|0x000000008ed00000, 0x000000008ee00000, 0x000000008ee00000|100%| E|CS|TAMS 0x000000008ed00000, 0x000000008ed00000| Complete 
| 238|0x000000008ee00000, 0x000000008ef00000, 0x000000008ef00000|100%| E|CS|TAMS 0x000000008ee00000, 0x000000008ee00000| Complete 
| 239|0x000000008ef00000, 0x000000008f000000, 0x000000008f000000|100%| E|CS|TAMS 0x000000008ef00000, 0x000000008ef00000| Complete 
| 240|0x000000008f000000, 0x000000008f100000, 0x000000008f100000|100%| E|CS|TAMS 0x000000008f000000, 0x000000008f000000| Complete 
| 241|0x000000008f100000, 0x000000008f200000, 0x000000008f200000|100%| E|CS|TAMS 0x000000008f100000, 0x000000008f100000| Complete 
| 242|0x000000008f200000, 0x000000008f300000, 0x000000008f300000|100%| E|CS|TAMS 0x000000008f200000, 0x000000008f200000| Complete 
| 243|0x000000008f300000, 0x000000008f400000, 0x000000008f400000|100%| E|CS|TAMS 0x000000008f300000, 0x000000008f300000| Complete 
| 244|0x000000008f400000, 0x000000008f500000, 0x000000008f500000|100%| E|CS|TAMS 0x000000008f400000, 0x000000008f400000| Complete 
| 245|0x000000008f500000, 0x000000008f600000, 0x000000008f600000|100%| E|CS|TAMS 0x000000008f500000, 0x000000008f500000| Complete 
| 246|0x000000008f600000, 0x000000008f700000, 0x000000008f700000|100%| E|CS|TAMS 0x000000008f600000, 0x000000008f600000| Complete 
| 247|0x000000008f700000, 0x000000008f800000, 0x000000008f800000|100%| E|CS|TAMS 0x000000008f700000, 0x000000008f700000| Complete 
| 248|0x000000008f800000, 0x000000008f900000, 0x000000008f900000|100%| E|CS|TAMS 0x000000008f800000, 0x000000008f800000| Complete 
| 249|0x000000008f900000, 0x000000008fa00000, 0x000000008fa00000|100%| E|CS|TAMS 0x000000008f900000, 0x000000008f900000| Complete 
| 250|0x000000008fa00000, 0x000000008fb00000, 0x000000008fb00000|100%| E|CS|TAMS 0x000000008fa00000, 0x000000008fa00000| Complete 
| 251|0x000000008fb00000, 0x000000008fc00000, 0x000000008fc00000|100%| E|CS|TAMS 0x000000008fb00000, 0x000000008fb00000| Complete 
| 252|0x000000008fc00000, 0x000000008fd00000, 0x000000008fd00000|100%| E|CS|TAMS 0x000000008fc00000, 0x000000008fc00000| Complete 
| 253|0x000000008fd00000, 0x000000008fe00000, 0x000000008fe00000|100%| E|CS|TAMS 0x000000008fd00000, 0x000000008fd00000| Complete 
| 254|0x000000008fe00000, 0x000000008ff00000, 0x000000008ff00000|100%| E|CS|TAMS 0x000000008fe00000, 0x000000008fe00000| Complete 
| 255|0x000000008ff00000, 0x0000000090000000, 0x0000000090000000|100%| E|CS|TAMS 0x000000008ff00000, 0x000000008ff00000| Complete 

Card table byte_map: [0x0000020d1d890000,0x0000020d1dc90000] _byte_map_base: 0x0000020d1d490000

Marking Bits (Prev, Next): (CMBitMap*) 0x0000020d04bc5b20, (CMBitMap*) 0x0000020d04bc5ae8
 Prev Bits: [0x0000020d20090000, 0x0000020d22090000)
 Next Bits: [0x0000020d1e090000, 0x0000020d20090000)

Polling page: 0x0000020d04c60000

Metaspace:

Usage:
  Non-class:     57.34 MB capacity,    56.22 MB ( 98%) used,   937.68 KB (  2%) free+waste,   211.38 KB ( <1%) overhead. 
      Class:      9.53 MB capacity,     8.67 MB ( 91%) used,   771.02 KB (  8%) free+waste,   105.44 KB (  1%) overhead. 
       Both:     66.87 MB capacity,    64.89 MB ( 97%) used,     1.67 MB (  2%) free+waste,   316.81 KB ( <1%) overhead. 

Virtual space:
  Non-class space:       58.00 MB reserved,      57.58 MB (>99%) committed 
      Class space:      504.00 MB reserved,       9.63 MB (  2%) committed 
             Both:      562.00 MB reserved,      67.20 MB ( 12%) committed 

Chunk freelists:
   Non-Class:  6.75 KB
       Class:  256 bytes
        Both:  7.00 KB

CodeHeap 'non-profiled nmethods': size=120000Kb used=4292Kb max_used=4292Kb free=115707Kb
 bounds [0x0000020d15500000, 0x0000020d15940000, 0x0000020d1ca30000]
CodeHeap 'profiled nmethods': size=120000Kb used=14561Kb max_used=14561Kb free=105438Kb
 bounds [0x0000020d0dfd0000, 0x0000020d0ee10000, 0x0000020d15500000]
CodeHeap 'non-nmethods': size=5760Kb used=2267Kb max_used=2359Kb free=3492Kb
 bounds [0x0000020d0da30000, 0x0000020d0dca0000, 0x0000020d0dfd0000]
 total_blobs=7934 nmethods=7069 adapters=776
 compilation: enabled
              stopped_count=0, restarted_count=0
 full_count=0

Compilation events (10 events):
Event: 30.804 Thread 0x0000020d25428800 7066       3       org.gradle.api.internal.changedetection.state.SplitFileHasher::hash (44 bytes)
Event: 30.804 Thread 0x0000020d25428800 nmethod 7066 0x0000020d0edfbc90 code [0x0000020d0edfbe80, 0x0000020d0edfc328]
Event: 30.804 Thread 0x0000020d25428800 7067       3       com.google.common.collect.Iterables::toArray (10 bytes)
Event: 30.805 Thread 0x0000020d25428800 nmethod 7067 0x0000020d0edfc510 code [0x0000020d0edfc760, 0x0000020d0edfd1f8]
Event: 30.805 Thread 0x0000020d25428800 7068       3       com.google.common.collect.ObjectArrays::newArray (9 bytes)
Event: 30.805 Thread 0x0000020d25428800 nmethod 7068 0x0000020d0edfd510 code [0x0000020d0edfd6c0, 0x0000020d0edfd908]
Event: 30.805 Thread 0x0000020d25428800 7069       3       com.google.common.cache.LocalCache$Segment::newEntryArray (9 bytes)
Event: 30.806 Thread 0x0000020d25428800 nmethod 7069 0x0000020d0edfda10 code [0x0000020d0edfdbc0, 0x0000020d0edfded8]
Event: 30.840 Thread 0x0000020d25428800 7070       3       org.gradle.internal.file.FileHierarchySet$Node::isChildOfOrThis (110 bytes)
Event: 30.844 Thread 0x0000020d25428800 nmethod 7070 0x0000020d0edfe010 code [0x0000020d0edfe340, 0x0000020d0edff8b8]

GC Heap History (10 events):
Event: 7.937 GC heap before
{Heap before GC invocations=3 (full 0):
 garbage-first heap   total 262144K, used 82550K [0x0000000080000000, 0x0000000100000000)
  region size 1024K, 75 young (76800K), 11 survivors (11264K)
 Metaspace       used 26764K, capacity 27335K, committed 27568K, reserved 540672K
  class space    used 3522K, capacity 3735K, committed 3840K, reserved 516096K
}
Event: 7.945 GC heap after
{Heap after GC invocations=4 (full 0):
 garbage-first heap   total 262144K, used 19416K [0x0000000080000000, 0x0000000100000000)
  region size 1024K, 3 young (3072K), 3 survivors (3072K)
 Metaspace       used 26764K, capacity 27335K, committed 27568K, reserved 540672K
  class space    used 3522K, capacity 3735K, committed 3840K, reserved 516096K
}
Event: 9.337 GC heap before
{Heap before GC invocations=4 (full 0):
 garbage-first heap   total 262144K, used 73688K [0x0000000080000000, 0x0000000100000000)
  region size 1024K, 57 young (58368K), 3 survivors (3072K)
 Metaspace       used 34775K, capacity 35684K, committed 35708K, reserved 548864K
  class space    used 4542K, capacity 4864K, committed 4864K, reserved 516096K
}
Event: 9.343 GC heap after
{Heap after GC invocations=5 (full 0):
 garbage-first heap   total 262144K, used 22566K [0x0000000080000000, 0x0000000100000000)
  region size 1024K, 6 young (6144K), 6 survivors (6144K)
 Metaspace       used 34775K, capacity 35684K, committed 35708K, reserved 548864K
  class space    used 4542K, capacity 4864K, committed 4864K, reserved 516096K
}
Event: 20.363 GC heap before
{Heap before GC invocations=6 (full 0):
 garbage-first heap   total 262144K, used 139302K [0x0000000080000000, 0x0000000100000000)
  region size 1024K, 117 young (119808K), 6 survivors (6144K)
 Metaspace       used 43018K, capacity 44201K, committed 44284K, reserved 555008K
  class space    used 5495K, capacity 5973K, committed 6016K, reserved 516096K
}
Event: 20.375 GC heap after
{Heap after GC invocations=7 (full 0):
 garbage-first heap   total 262144K, used 30013K [0x0000000080000000, 0x0000000100000000)
  region size 1024K, 13 young (13312K), 13 survivors (13312K)
 Metaspace       used 43018K, capacity 44201K, committed 44284K, reserved 555008K
  class space    used 5495K, capacity 5973K, committed 6016K, reserved 516096K
}
Event: 24.730 GC heap before
{Heap before GC invocations=7 (full 0):
 garbage-first heap   total 262144K, used 166205K [0x0000000080000000, 0x0000000100000000)
  region size 1024K, 142 young (145408K), 13 survivors (13312K)
 Metaspace       used 53171K, capacity 54668K, committed 54908K, reserved 565248K
  class space    used 6990K, capacity 7629K, committed 7680K, reserved 516096K
}
Event: 24.749 GC heap after
{Heap after GC invocations=8 (full 0):
 garbage-first heap   total 262144K, used 40607K [0x0000000080000000, 0x0000000100000000)
  region size 1024K, 14 young (14336K), 14 survivors (14336K)
 Metaspace       used 53171K, capacity 54668K, committed 54908K, reserved 565248K
  class space    used 6990K, capacity 7629K, committed 7680K, reserved 516096K
}
Event: 26.248 GC heap before
{Heap before GC invocations=8 (full 0):
 garbage-first heap   total 262144K, used 101023K [0x0000000080000000, 0x0000000100000000)
  region size 1024K, 74 young (75776K), 14 survivors (14336K)
 Metaspace       used 58034K, capacity 59626K, committed 59728K, reserved 569344K
  class space    used 7716K, capacity 8413K, committed 8448K, reserved 516096K
}
Event: 26.260 GC heap after
{Heap after GC invocations=9 (full 0):
 garbage-first heap   total 262144K, used 42673K [0x0000000080000000, 0x0000000100000000)
  region size 1024K, 9 young (9216K), 9 survivors (9216K)
 Metaspace       used 58034K, capacity 59626K, committed 59728K, reserved 569344K
  class space    used 7716K, capacity 8413K, committed 8448K, reserved 516096K
}

Deoptimization events (10 events):
Event: 30.521 Thread 0x0000020d2737e800 Uncommon trap: reason=unstable_if action=reinterpret pc=0x0000020d1569a5fc method=java.util.HashMap$HashMapSpliterator.getFence()I @ 37 c2
Event: 30.529 Thread 0x0000020d2737e800 Uncommon trap: reason=bimorphic_or_optimized_type_check action=maybe_recompile pc=0x0000020d156fa39c method=java.util.AbstractCollection.addAll(Ljava/util/Collection;)Z @ 29 c2
Event: 30.617 Thread 0x0000020d25a5e800 Uncommon trap: reason=unstable_if action=reinterpret pc=0x0000020d157d0d68 method=java.util.HashMap$HashIterator.<init>(Ljava/util/HashMap;)V @ 45 c2
Event: 30.656 Thread 0x0000020d25a58000 Uncommon trap: reason=class_check action=maybe_recompile pc=0x0000020d1561145c method=java.util.Collections$SetFromMap.remove(Ljava/lang/Object;)Z @ 5 c2
Event: 30.662 Thread 0x0000020d25a5a000 Uncommon trap: reason=unstable_if action=reinterpret pc=0x0000020d157c2e60 method=java.util.HashMap$HashIterator.<init>(Ljava/util/HashMap;)V @ 45 c2
Event: 30.703 Thread 0x0000020d25a5e800 Uncommon trap: reason=class_check action=maybe_recompile pc=0x0000020d157654e8 method=java.util.stream.StreamOpFlag.fromCharacteristics(Ljava/util/Spliterator;)I @ 14 c2
Event: 30.776 Thread 0x0000020d2b262800 Uncommon trap: reason=unstable_if action=reinterpret pc=0x0000020d158ecec4 method=com.esotericsoftware.kryo.io.Input.readVarInt(Z)I @ 42 c2
Event: 30.809 Thread 0x0000020d25a5e800 Uncommon trap: reason=unstable_if action=reinterpret pc=0x0000020d15560530 method=java.lang.StringLatin1.compareToCI([B[B)I @ 68 c2
Event: 30.811 Thread 0x0000020d25a5e800 Uncommon trap: reason=unstable_if action=reinterpret pc=0x0000020d15879284 method=com.google.common.collect.RegularImmutableSet.contains(Ljava/lang/Object;)Z @ 10 c2
Event: 30.829 Thread 0x0000020d25a5e800 Uncommon trap: reason=unstable_if action=reinterpret pc=0x0000020d1586ffbc method=org.gradle.internal.file.FileHierarchySet$Node.isChildOfOrThis(Ljava/lang/String;I)Z @ 89 c2

Classes redefined (0 events):
No events

Internal exceptions (10 events):
Event: 28.163 Thread 0x0000020d2737e800 Exception <a 'java/lang/ClassNotFoundException'{0x000000008a86dd50}: org/gradle/api/internal/artifacts/dsl/DefaultRepositoryHandler_DecoratedCustomizer> (0x000000008a86dd50) thrown at [./open/src/hotspot/share/classfile/systemDictionary.cpp, line 226]
Event: 28.190 Thread 0x0000020d2737e800 Exception <a 'java/lang/ClassNotFoundException'{0x000000008a74aaf0}: org/gradle/api/internal/artifacts/dsl/dependencies/DefaultDependencyHandler_DecoratedBeanInfo> (0x000000008a74aaf0) thrown at [./open/src/hotspot/share/classfile/systemDictionary.cpp, li
Event: 28.192 Thread 0x0000020d2737e800 Exception <a 'java/lang/ClassNotFoundException'{0x000000008a790fa0}: org/gradle/api/internal/artifacts/dsl/dependencies/DefaultDependencyHandlerBeanInfo> (0x000000008a790fa0) thrown at [./open/src/hotspot/share/classfile/systemDictionary.cpp, line 226]
Event: 28.198 Thread 0x0000020d2737e800 Exception <a 'java/lang/ClassNotFoundException'{0x000000008a7d73a8}: org/gradle/api/internal/artifacts/dsl/dependencies/DefaultDependencyHandlerCustomizer> (0x000000008a7d73a8) thrown at [./open/src/hotspot/share/classfile/systemDictionary.cpp, line 226]
Event: 28.207 Thread 0x0000020d2737e800 Exception <a 'java/lang/ClassNotFoundException'{0x000000008a648990}: org/gradle/api/internal/artifacts/dsl/dependencies/DefaultDependencyHandler_DecoratedCustomizer> (0x000000008a648990) thrown at [./open/src/hotspot/share/classfile/systemDictionary.cpp, 
Event: 28.471 Thread 0x0000020d2737e800 Exception <a 'java/lang/NoSuchMethodError'{0x000000008a0b7058}: java.lang.invoke.Invokers$Holder.linkToTargetMethod(Ljava/lang/Object;ILjava/lang/Object;)Ljava/lang/Object;> (0x000000008a0b7058) thrown at [./open/src/hotspot/share/interpreter/linkResolver
Event: 30.521 Thread 0x0000020d2737e800 Implicit null exception at 0x0000020d1569a5cb to 0x0000020d1569a5ec
Event: 30.634 Thread 0x0000020d25a58000 Exception <a 'java/lang/NoSuchMethodError'{0x0000000087ccf0d0}: java.lang.invoke.Invokers$Holder.linkToTargetMethod(Ljava/lang/Object;Ljava/lang/Object;Ljava/lang/Object;ILjava/lang/Object;Ljava/lang/Object;)Ljava/lang/Object;> (0x0000000087ccf0d0) thrown
Event: 30.811 Thread 0x0000020d25a5e800 Implicit null exception at 0x0000020d158790d7 to 0x0000020d1587926c
Event: 30.840 Thread 0x0000020d25a5e800 Exception <a 'java/lang/NoSuchMethodError'{0x0000000087836a68}: java.lang.invoke.DirectMethodHandle$Holder.invokeSpecial(Ljava/lang/Object;Ljava/lang/Object;Ljava/lang/Object;Ljava/lang/Object;Ljava/lang/Object;)I> (0x0000000087836a68) thrown at [./open/s

Events (10 events):
Event: 30.845 loading class org/gradle/internal/snapshot/SingletonChildMap$1
Event: 30.845 loading class org/gradle/internal/snapshot/FileSystemLocationSnapshot$FileSystemLocationSnapshotTransformer
Event: 30.845 loading class org/gradle/internal/snapshot/SingletonChildMap$1 done
Event: 30.845 loading class org/gradle/internal/snapshot/FileSystemLocationSnapshot$FileSystemLocationSnapshotTransformer done
Event: 30.846 loading class org/gradle/internal/snapshot/AbstractInvalidateChildHandler
Event: 30.846 loading class org/gradle/internal/snapshot/AbstractInvalidateChildHandler done
Event: 30.846 loading class org/gradle/internal/snapshot/impl/FileSystemSnapshotFilter$FilteringVisitor$1
Event: 30.846 loading class org/gradle/internal/snapshot/impl/FileSystemSnapshotFilter$FilteringVisitor$1 done
Event: 30.846 loading class org/gradle/internal/fingerprint/impl/PatternSetSnapshottingFilter$LogicalFileTreeElement
Event: 30.846 loading class org/gradle/internal/fingerprint/impl/PatternSetSnapshottingFilter$LogicalFileTreeElement done


Dynamic libraries:
0x00007ff6b1210000 - 0x00007ff6b121f000 	C:\Program Files\Java\jdk-11.0.17\bin\java.exe
0x00007ffee9170000 - 0x00007ffee9368000 	C:\WINDOWS\SYSTEM32\ntdll.dll
0x00007ffee8550000 - 0x00007ffee860f000 	C:\WINDOWS\System32\KERNEL32.DLL
0x00007ffee6a90000 - 0x00007ffee6d62000 	C:\WINDOWS\System32\KERNELBASE.dll
0x00007ffee6e20000 - 0x00007ffee6f20000 	C:\WINDOWS\System32\ucrtbase.dll
0x00007ffebd2c0000 - 0x00007ffebd2d5000 	C:\Program Files\Java\jdk-11.0.17\bin\VCRUNTIME140.dll
0x00007ffebdb60000 - 0x00007ffebdb78000 	C:\Program Files\Java\jdk-11.0.17\bin\jli.dll
0x00007ffee8ec0000 - 0x00007ffee8f6e000 	C:\WINDOWS\System32\ADVAPI32.dll
0x00007ffee7280000 - 0x00007ffee731e000 	C:\WINDOWS\System32\msvcrt.dll
0x00007ffee78f0000 - 0x00007ffee798c000 	C:\WINDOWS\System32\sechost.dll
0x00007ffee7990000 - 0x00007ffee7ab5000 	C:\WINDOWS\System32\RPCRT4.dll
0x00007ffee83a0000 - 0x00007ffee8541000 	C:\WINDOWS\System32\USER32.dll
0x00007ffee6a60000 - 0x00007ffee6a82000 	C:\WINDOWS\System32\win32u.dll
0x00007ffed0fa0000 - 0x00007ffed123a000 	C:\WINDOWS\WinSxS\amd64_microsoft.windows.common-controls_6595b64144ccf1df_6.0.19041.1110_none_60b5254171f9507e\COMCTL32.dll
0x00007ffee7bf0000 - 0x00007ffee7c1b000 	C:\WINDOWS\System32\GDI32.dll
0x00007ffee6f90000 - 0x00007ffee709f000 	C:\WINDOWS\System32\gdi32full.dll
0x00007ffee69c0000 - 0x00007ffee6a5d000 	C:\WINDOWS\System32\msvcp_win.dll
0x00007ffed5970000 - 0x00007ffed597a000 	C:\WINDOWS\SYSTEM32\VERSION.dll
0x00007ffee7ef0000 - 0x00007ffee7f22000 	C:\WINDOWS\System32\IMM32.DLL
0x00007ffea2070000 - 0x00007ffea210b000 	C:\Program Files\Java\jdk-11.0.17\bin\msvcp140.dll
0x00007ffea1550000 - 0x00007ffea206a000 	C:\Program Files\Java\jdk-11.0.17\bin\server\jvm.dll
0x00007ffee7ac0000 - 0x00007ffee7ac8000 	C:\WINDOWS\System32\PSAPI.DLL
0x00007ffed0d10000 - 0x00007ffed0d19000 	C:\WINDOWS\SYSTEM32\WSOCK32.dll
0x00007ffee7cd0000 - 0x00007ffee7d3b000 	C:\WINDOWS\System32\WS2_32.dll
0x00007ffed3b70000 - 0x00007ffed3b97000 	C:\WINDOWS\SYSTEM32\WINMM.dll
0x00007ffee50b0000 - 0x00007ffee50c2000 	C:\WINDOWS\SYSTEM32\kernel.appcore.dll
0x00007ffec8040000 - 0x00007ffec8050000 	C:\Program Files\Java\jdk-11.0.17\bin\verify.dll
0x00007ffee45a0000 - 0x00007ffee4784000 	C:\WINDOWS\SYSTEM32\DBGHELP.DLL
0x00007ffecfb80000 - 0x00007ffecfbb5000 	C:\WINDOWS\SYSTEM32\dbgcore.DLL
0x00007ffee70f0000 - 0x00007ffee7172000 	C:\WINDOWS\System32\bcryptPrimitives.dll
0x00007ffebd1f0000 - 0x00007ffebd218000 	C:\Program Files\Java\jdk-11.0.17\bin\java.dll
0x00007ffec65d0000 - 0x00007ffec65da000 	C:\Program Files\Java\jdk-11.0.17\bin\jimage.dll
0x00007ffeba480000 - 0x00007ffeba496000 	C:\Program Files\Java\jdk-11.0.17\bin\zip.dll
0x00007ffee8610000 - 0x00007ffee8d54000 	C:\WINDOWS\System32\SHELL32.dll
0x00007ffee4900000 - 0x00007ffee5092000 	C:\WINDOWS\SYSTEM32\windows.storage.dll
0x00007ffee73f0000 - 0x00007ffee7745000 	C:\WINDOWS\System32\combase.dll
0x00007ffee62c0000 - 0x00007ffee62f0000 	C:\WINDOWS\SYSTEM32\Wldp.dll
0x00007ffee7c20000 - 0x00007ffee7ccd000 	C:\WINDOWS\System32\SHCORE.dll
0x00007ffee8d60000 - 0x00007ffee8db5000 	C:\WINDOWS\System32\shlwapi.dll
0x00007ffee67a0000 - 0x00007ffee67bf000 	C:\WINDOWS\SYSTEM32\profapi.dll
0x00007ffeb9890000 - 0x00007ffeb98a9000 	C:\Program Files\Java\jdk-11.0.17\bin\net.dll
0x00007ffeda640000 - 0x00007ffeda74c000 	C:\WINDOWS\SYSTEM32\WINHTTP.dll
0x00007ffee6020000 - 0x00007ffee608a000 	C:\WINDOWS\system32\mswsock.dll
0x00007ffeb7760000 - 0x00007ffeb7772000 	C:\Program Files\Java\jdk-11.0.17\bin\nio.dll
0x00007ffeabc60000 - 0x00007ffeabc87000 	C:\Users\Rashad\.gradle\native\e1d6ef7f7dcc3fd88c89a11ec53ec762bb8ba0a96d01ffa2cd45eb1d1d8dd5c5\windows-amd64\native-platform.dll
0x00007ffea1400000 - 0x00007ffea1544000 	C:\Users\Rashad\.gradle\native\0d407fdbe67a94daf76414ababcb853783967236a71b16ec16e742cd7a986fd3\windows-amd64\native-platform-file-events.dll
0x00007ffebe270000 - 0x00007ffebe279000 	C:\Program Files\Java\jdk-11.0.17\bin\management.dll
0x00007ffebda70000 - 0x00007ffebda7b000 	C:\Program Files\Java\jdk-11.0.17\bin\management_ext.dll
0x00007ffee6210000 - 0x00007ffee6228000 	C:\WINDOWS\SYSTEM32\CRYPTSP.dll
0x00007ffee5860000 - 0x00007ffee5894000 	C:\WINDOWS\system32\rsaenh.dll
0x00007ffee7180000 - 0x00007ffee71a7000 	C:\WINDOWS\System32\bcrypt.dll
0x00007ffee6720000 - 0x00007ffee674e000 	C:\WINDOWS\SYSTEM32\USERENV.dll
0x00007ffee6230000 - 0x00007ffee623c000 	C:\WINDOWS\SYSTEM32\CRYPTBASE.dll
0x00007ffee5cc0000 - 0x00007ffee5cfb000 	C:\WINDOWS\SYSTEM32\IPHLPAPI.DLL
0x00007ffee8eb0000 - 0x00007ffee8eb8000 	C:\WINDOWS\System32\NSI.dll
0x00007ffedf630000 - 0x00007ffedf647000 	C:\WINDOWS\SYSTEM32\dhcpcsvc6.DLL
0x00007ffedd990000 - 0x00007ffedd9ad000 	C:\WINDOWS\SYSTEM32\dhcpcsvc.DLL
0x00007ffee5d10000 - 0x00007ffee5dda000 	C:\WINDOWS\SYSTEM32\DNSAPI.dll

dbghelp: loaded successfully - version: 4.0.5 - missing functions: none
symbol engine: initialized successfully - sym options: 0x614 - pdb path: .;C:\Program Files\Java\jdk-11.0.17\bin;C:\WINDOWS\SYSTEM32;C:\WINDOWS\WinSxS\amd64_microsoft.windows.common-controls_6595b64144ccf1df_6.0.19041.1110_none_60b5254171f9507e;C:\Program Files\Java\jdk-11.0.17\bin\server;C:\Users\Rashad\.gradle\native\e1d6ef7f7dcc3fd88c89a11ec53ec762bb8ba0a96d01ffa2cd45eb1d1d8dd5c5\windows-amd64;C:\Users\Rashad\.gradle\native\0d407fdbe67a94daf76414ababcb853783967236a71b16ec16e742cd7a986fd3\windows-amd64

VM Arguments:
jvm_args: -XX:MaxMetaspaceSize=512m --add-opens=java.base/java.util=ALL-UNNAMED --add-opens=java.base/java.lang=ALL-UNNAMED --add-opens=java.base/java.lang.invoke=ALL-UNNAMED --add-opens=java.base/java.util=ALL-UNNAMED --add-opens=java.prefs/java.util.prefs=ALL-UNNAMED --add-opens=java.prefs/java.util.prefs=ALL-UNNAMED --add-opens=java.base/java.nio.charset=ALL-UNNAMED --add-opens=java.base/java.net=ALL-UNNAMED --add-opens=java.base/java.util.concurrent.atomic=ALL-UNNAMED -Xmx2048m -Dfile.encoding=windows-1252 -Duser.country=US -Duser.language=en -Duser.variant 
java_command: org.gradle.launcher.daemon.bootstrap.GradleDaemon 7.5.1
java_class_path (initial): C:\Users\Rashad\.gradle\wrapper\dists\gradle-7.5.1-all\1ehga6e77gqps5uk2kc5kf1vc\gradle-7.5.1\lib\gradle-launcher-7.5.1.jar
Launcher Type: SUN_STANDARD

[Global flags]
     intx CICompilerCount                          = 4                                         {product} {ergonomic}
   size_t CompressedClassSpaceSize                 = 528482304                                 {product} {ergonomic}
     uint ConcGCThreads                            = 2                                         {product} {ergonomic}
     uint G1ConcRefinementThreads                  = 8                                         {product} {ergonomic}
   size_t G1HeapRegionSize                         = 1048576                                   {product} {ergonomic}
    uintx GCDrainStackTargetSize                   = 64                                        {product} {ergonomic}
   size_t InitialHeapSize                          = 268435456                                 {product} {ergonomic}
   size_t MarkStackSize                            = 4194304                                   {product} {ergonomic}
   size_t MaxHeapSize                              = 2147483648                                {product} {command line}
   size_t MaxMetaspaceSize                         = 536870912                                 {product} {command line}
   size_t MaxNewSize                               = 1287651328                                {product} {ergonomic}
   size_t MinHeapDeltaBytes                        = 1048576                                   {product} {ergonomic}
    uintx NonNMethodCodeHeapSize                   = 5836300                                {pd product} {ergonomic}
    uintx NonProfiledCodeHeapSize                  = 122910970                              {pd product} {ergonomic}
    uintx ProfiledCodeHeapSize                     = 122910970                              {pd product} {ergonomic}
    uintx ReservedCodeCacheSize                    = 251658240                              {pd product} {ergonomic}
     bool SegmentedCodeCache                       = true                                      {product} {ergonomic}
     bool UseCompressedClassPointers               = true                                 {lp64_product} {ergonomic}
     bool UseCompressedOops                        = true                                 {lp64_product} {ergonomic}
     bool UseG1GC                                  = true                                      {product} {ergonomic}
     bool UseLargePagesIndividualAllocation        = false                                  {pd product} {ergonomic}

Logging:
Log output configuration:
 #0: stdout all=warning uptime,level,tags
 #1: stderr all=off uptime,level,tags

Environment Variables:
JAVA_HOME=C:\Program Files\Java\jdk-11.0.17
CLASSPATH=C:\Users\Rashad\Desktop\temp\AwesomeProject\android\\gradle\wrapper\gradle-wrapper.jar
PATH=C:\Users\Rashad\Desktop\temp\AwesomeProject\android\node_modules\.bin;C:\Users\Rashad\Desktop\temp\AwesomeProject\node_modules\.bin;C:\Users\Rashad\Desktop\temp\node_modules\.bin;C:\Users\Rashad\Desktop\node_modules\.bin;C:\Users\Rashad\node_modules\.bin;C:\Users\node_modules\.bin;C:\node_modules\.bin;C:\Program Files\nodejs;C:\Users\Rashad\Desktop\temp\AwesomeProject\node_modules\.bin;C:\Users\Rashad\Desktop\temp\AwesomeProject\node_modules\.bin;C:\Users\Rashad\Desktop\temp\node_modules\.bin;C:\Users\Rashad\Desktop\node_modules\.bin;C:\Users\Rashad\node_modules\.bin;C:\Users\node_modules\.bin;C:\node_modules\.bin;C:\Users\Rashad\Desktop\temp\AwesomeProject\node_modules\npm\node_modules\@npmcli\run-script\lib\node-gyp-bin;C:\Users\Rashad\Desktop\temp\AwesomeProject\node_modules\.bin;C:\Users\Rashad\Desktop\temp\node_modules\.bin;C:\Users\Rashad\Desktop\node_modules\.bin;C:\Users\Rashad\node_modules\.bin;C:\Users\node_modules\.bin;C:\node_modules\.bin;C:\Program Files\nodejs;C:\Users\Rashad\Desktop\temp\AwesomeProject\node_modules\react-native\scripts\node_modules\.bin;C:\Users\Rashad\Desktop\temp\AwesomeProject\node_modules\react-native\node_modules\.bin;C:\Users\Rashad\Desktop\temp\AwesomeProject\node_modules\node_modules\.bin;C:\Users\Rashad\Desktop\temp\AwesomeProject\node_modules\.bin;C:\Users\Rashad\Desktop\temp\node_modules\.bin;C:\Users\Rashad\Desktop\node_modules\.bin;C:\Users\Rashad\node_modules\.bin;C:\Users\node_modules\.bin;C:\node_modules\.bin;C:\Program Files\nodejs;C:\Users\Rashad\Desktop\temp\AwesomeProject\node_modules\.bin;C:\Users\Rashad\Desktop\temp\AwesomeProject\node_modules\.bin;C:\Users\Rashad\Desktop\temp\node_modules\.bin;C:\Users\Rashad\Desktop\node_modules\.bin;C:\Users\Rashad\node_modules\.bin;C:\Users\node_modules\.bin;C:\node_modules\.bin;C:\Program Files\nodejs\node_modules\npm\node_modules\@npmcli\run-script\lib\node-gyp-bin;C:\Users\Rashad\bin;C:\Program Files (x86)\Git\mingw32\bin;C:\Program Files (x86)\Git\usr\local\bin;C:\Progr
USERNAME=Rashad
SHELL=C:\Program Files (x86)\Git\usr\bin\bash.exe
DISPLAY=needs-to-be-defined
OS=Windows_NT
PROCESSOR_IDENTIFIER=Intel64 Family 6 Model 158 Stepping 9, GenuineIntel



---------------  S Y S T E M  ---------------

OS: Windows 10 , 64 bit Build 19041 (10.0.19041.2364)

CPU:total 8 (initial active 8) (4 cores per cpu, 2 threads per core) family 6 model 158 stepping 9 microcode 0xb4, cmov, cx8, fxsr, mmx, sse, sse2, sse3, ssse3, sse4.1, sse4.2, popcnt, avx, avx2, aes, clmul, erms, 3dnowpref, lzcnt, ht, tsc, tscinvbit, bmi1, bmi2, adx, fma

Memory: 4k page, system-wide physical 16259M (635M free)
TotalPageFile size 19459M (AvailPageFile size 5M)
current process WorkingSet (physical memory assigned to process): 383M, peak: 411M
current process commit charge ("private bytes"): 495M, peak: 523M

vm_info: Java HotSpot(TM) 64-Bit Server VM (11.0.17+10-LTS-269) for windows-amd64 JRE (11.0.17+10-LTS-269), built on Sep 13 2022 19:26:37 by "mach5one" with MS VC++ 15.9 (VS2017)

END.
